<?xml version="1.0" encoding="UTF-8"?>
<testsuite xmlns:xsi="http://www.w3.org/2001/XMLSchema-instance" xsi:noNamespaceSchemaLocation="https://maven.apache.org/surefire/maven-surefire-plugin/xsd/surefire-test-report-3.0.xsd" version="3.0" name="com.egressos.service.AuthServiceTest" time="0.051" tests="5" errors="0" skipped="0" failures="0">
  <properties>
[...]
</properties>
  <testcase name="loginComCredenciaisValidasRetornaUsuario" classname="com.egressos.service.AuthServiceTest" time="0.011"/>
  <testcase name="loginComSenhaInvalidaRetornaVazio" classname="com.egressos.service.AuthServiceTest" time="0.005"/>
  <testcase name="trocarSenhaObrigatoriaRetornaErroQuandoNovaSenhaFraca" classname="com.egressos.service.AuthServiceTest" time="0.004"/>
  <testcase name="trocarSenhaObrigatoriaAtualizaHashEPersisteQuandoSucesso" classname="com.egressos.service.AuthServiceTest" time="0.009"/>
  <testcase name="trocarSenhaObrigatoriaRetornaErroQuandoSenhaAtualIncorreta" classname="com.egressos.service.AuthServiceTest" time="0.004"/>
</testsuite>